<?xml version="1.0" encoding="UTF-8"?>
<!-- Generated by org.testng.reporters.JUnitReportReporter -->
<testsuite hostname="PLLT027" name="search.SearchTest" tests="2" failures="0" timestamp="7 Mar 2016 07:35:43 GMT" time="7.591" errors="0">
  <testcase name="testUnhappyPath" time="2.099" classname="search.SearchTest"/>
  <testcase name="testHappyPath" time="5.492" classname="search.SearchTest"/>
</testsuite> <!-- search.SearchTest -->
